<?xml version="1.0" encoding="UTF-8"?>
<testsuite name="ComputerRepairRequestTest" tests="2" skipped="0" failures="0" errors="0" timestamp="2025-03-03T14:29:31" hostname="DESKTOP-NK7F1MM" time="0.029">
  <properties/>
  <testcase name="Test Owner Name" classname="ComputerRepairRequestTest" time="0.025"/>
  <testcase name="Simple Equality Test" classname="ComputerRepairRequestTest" time="0.002"/>
  <system-out><![CDATA[]]></system-out>
  <system-err><![CDATA[]]></system-err>
</testsuite>
